============================= test session starts =============================
platform win32 -- Python 3.11.9, pytest-8.4.1, pluggy-1.6.0
rootdir: C:\Users\van1sh\Documents\GitHub\spiderfoot
configfile: pytest.ini
plugins: anyio-4.9.0, cov-6.2.1, mock-3.14.1, xdist-3.7.0
collected 275 items

test/integration/modules/test_sfp__stor_db.py::TestModuleIntegration_stor_db::test_handleEvent SKIPPED [  0%]
test/integration/modules/test_sfp__stor_elasticsearch.py::TestModuleIntegration_stor_elasticsearch::test_handleEvent PASSED [  0%]
test/integration/modules/test_sfp__stor_stdout.py::TestModuleIntegration_stor_stdout::test_handleEvent SKIPPED [  1%]
test/integration/modules/test_sfp_abstractapi.py::TestModuleIntegrationAbstractapi::test_handleEvent SKIPPED [  1%]
test/integration/modules/test_sfp_abusech.py::TestModuleIntegrationAbusech::test_handleEvent_api_error PASSED [  1%]
test/integration/modules/test_sfp_abusech.py::TestModuleIntegrationAbusech::test_handleEvent_benign_ip PASSED [  2%]
test/integration/modules/test_sfp_abusech.py::TestModuleIntegrationAbusech::test_handleEvent_invalid_target PASSED [  2%]
test/integration/modules/test_sfp_abusech.py::TestModuleIntegrationAbusech::test_handleEvent_malicious_ip PASSED [  2%]
test/integration/modules/test_sfp_abuseipdb.py::TestModuleIntegrationAbuseIPDB::test_handleEvent_malicious_ip 
-------------------------------- live log call --------------------------------
16:43:20 [INFO] Malicious IP address 1.2.3.4 found in AbuseIPDB blacklist
PASSED                                                                   [  3%]
test/integration/modules/test_sfp_abusix.py::TestModuleIntegrationAbusix::test_handleEvent_malicious_ip PASSED [  3%]
test/integration/modules/test_sfp_accounts.py::TestModuleIntegrationAccounts::test_handleEvent_with_accounts PASSED [  4%]
test/integration/modules/test_sfp_adblock.py::TestModuleIntegrationAdblock::test_handleEvent_event_data_external_url_matching_ad_filter_should_return_event PASSED [  4%]
test/integration/modules/test_sfp_adblock.py::TestModuleIntegrationAdblock::test_handleEvent_event_data_external_url_not_matching_ad_filter_should_not_return_event PASSED [  4%]
test/integration/modules/test_sfp_adblock.py::TestModuleIntegrationAdblock::test_handleEvent_event_data_provider_javascript_url_matching_ad_filter_should_return_event PASSED [  5%]
test/integration/modules/test_sfp_adguard_dns.py::TestModuleIntegrationAdGuardDns::test_handleEvent_event_data_adult_internet_name_blocked_should_return_event PASSED [  5%]
test/integration/modules/test_sfp_adguard_dns.py::TestModuleIntegrationAdGuardDns::test_handleEvent_event_data_safe_internet_name_not_blocked_should_not_return_event PASSED [  5%]
test/integration/modules/test_sfp_ahmia.py::TestModuleIntegrationAhmia::test_handleEvent 
-------------------------------- live log call --------------------------------
16:43:26 [INFO] No results for example.onion returned from Ahmia.fi.
PASSED                                                                   [  6%]
test/integration/modules/test_sfp_alienvault.py::TestModuleIntegrationalienvault::test_handleEvent 
-------------------------------- live log call --------------------------------
16:43:26 [ERROR] You enabled sfp_alienvault but did not set an API key!
PASSED                                                                   [  6%]
test/integration/modules/test_sfp_alienvaultiprep.py::TestModuleIntegrationAlienvaultiprep::test_handleEvent SKIPPED [  6%]
test/integration/modules/test_sfp_apple_itunes.py::TestModuleIntegrationAppleItunes::test_handleEvent SKIPPED [  7%]
test/integration/modules/test_sfp_archiveorg.py::TestModuleIntegrationarchiveorg::test_handleEvent SKIPPED [  7%]
test/integration/modules/test_sfp_arin.py::TestModuleIntegrationarin::test_handleEvent PASSED [  8%]
test/integration/modules/test_sfp_azureblobstorage.py::TestModuleIntegrationazureblobstorage::test_handleEvent SKIPPED [  8%]
test/integration/modules/test_sfp_bambenek.py::TestModuleIntegrationBambenek::test_module_produces_events SKIPPED [  8%]
test/integration/modules/test_sfp_bgpview.py::TestModuleIntegrationBgpview::test_handleEvent PASSED [  9%]
test/integration/modules/test_sfp_binaryedge.py::TestModuleIntegrationBinaryedge::test_handleEvent SKIPPED [  9%]
test/integration/modules/test_sfp_bingsearch.py::TestModuleIntegrationbingsearch::test_handleEvent SKIPPED [  9%]
test/integration/modules/test_sfp_bingsharedip.py::TestModuleIntegrationbingsharedip::test_handleEvent 
-------------------------------- live log call --------------------------------
16:43:27 [ERROR] You enabled sfp_bingsharedip but did not set a Bing API key!
PASSED                                                                   [ 10%]
test/integration/modules/test_sfp_bitcoinabuse.py::TestModuleIntegrationBitcoinAbuse::test_handleEvent SKIPPED [ 10%]
test/integration/modules/test_sfp_bitcoinwhoswho.py::TestModuleIntegrationBitcoinwhoswho::test_handleEvent 
-------------------------------- live log call --------------------------------
16:43:27 [ERROR] You enabled sfp_bitcoinwhoswho but did not set an API key!
PASSED                                                                   [ 10%]
test/integration/modules/test_sfp_blockchain.py::TestModuleIntegrationBlockchain::test_handleEvent SKIPPED [ 11%]
test/integration/modules/test_sfp_blocklistde.py::TestModuleIntegrationBlocklistde::test_handleEvent PASSED [ 11%]
test/integration/modules/test_sfp_botscout.py::TestModuleIntegrationBotscout::test_handleEvent SKIPPED [ 12%]
test/integration/modules/test_sfp_botvrij.py::TestModuleIntegrationBotvrij::test_handleEvent SKIPPED [ 12%]
test/integration/modules/test_sfp_builtwith.py::TestModuleIntegrationBuiltwith::test_handleEvent SKIPPED [ 12%]
test/integration/modules/test_sfp_c99.py::TestModuleIntegrationC99::test_handleEvent_malicious_ip PASSED [ 13%]
test/integration/modules/test_sfp_callername.py::TestModuleIntegrationcallername::test_handleEvent SKIPPED [ 13%]
test/integration/modules/test_sfp_censys.py::TestModuleIntegrationCensys::test_handleEvent_ip_address PASSED [ 13%]
test/integration/modules/test_sfp_certspotter.py::TestModuleIntegrationCertspotter::test_handleEvent SKIPPED [ 14%]
test/integration/modules/test_sfp_cinsscore.py::TestModuleIntegrationCinsscore::test_handleEvent SKIPPED [ 14%]
test/integration/modules/test_sfp_circllu.py::TestModuleIntegrationCircllu::test_handleEvent SKIPPED [ 14%]
test/integration/modules/test_sfp_cisco_umbrella.py::TestSFPCiscoUmbrella::test_events PASSED [ 15%]
test/integration/modules/test_sfp_cisco_umbrella.py::TestSFPCiscoUmbrella::test_handleEvent_api_key_invalid 
-------------------------------- live log call --------------------------------
16:43:29 [ERROR] Umbrella Investigate API key is invalid.
PASSED                                                                   [ 15%]
test/integration/modules/test_sfp_cisco_umbrella.py::TestSFPCiscoUmbrella::test_handleEvent_domain_found PASSED [ 16%]
test/integration/modules/test_sfp_cisco_umbrella.py::TestSFPCiscoUmbrella::test_handleEvent_domain_not_found PASSED [ 16%]
test/integration/modules/test_sfp_cisco_umbrella.py::TestSFPCiscoUmbrella::test_handleEvent_no_api_key 
-------------------------------- live log call --------------------------------
16:43:32 [ERROR] Umbrella Investigate API key is invalid.
PASSED                                                                   [ 16%]
test/integration/modules/test_sfp_cisco_umbrella.py::TestSFPCiscoUmbrella::test_query_api_key_invalid PASSED [ 17%]
test/integration/modules/test_sfp_cisco_umbrella.py::TestSFPCiscoUmbrella::test_query_domain_found PASSED [ 17%]
test/integration/modules/test_sfp_cisco_umbrella.py::TestSFPCiscoUmbrella::test_query_domain_not_found PASSED [ 17%]
test/integration/modules/test_sfp_citadel.py::TestModuleIntegrationcitadel::test_handleEvent SKIPPED [ 18%]
test/integration/modules/test_sfp_cleanbrowsing.py::TestModuleIntegrationcleanbrowsing::test_handleEvent_event_data_adult_internet_name_blocked_should_return_event PASSED [ 18%]
test/integration/modules/test_sfp_cleanbrowsing.py::TestModuleIntegrationcleanbrowsing::test_handleEvent_event_data_safe_internet_name_not_blocked_should_not_return_event PASSED [ 18%]
test/integration/modules/test_sfp_cleantalk.py::TestModuleIntegrationcleantalk::test_handleEvent_event_data_safe_ip_address_not_blocked_should_not_return_event PASSED [ 19%]
test/integration/modules/test_sfp_clearbit.py::TestModuleIntegrationclearbit::test_handleEvent SKIPPED [ 19%]
test/integration/modules/test_sfp_cloudflaredns.py::TestModuleIntegrationCloudflaredns::test_handleEvent_blocked_domain PASSED [ 20%]
test/integration/modules/test_sfp_cloudflaredns.py::TestModuleIntegrationCloudflaredns::test_handleEvent_safe_domain PASSED [ 20%]
test/integration/modules/test_sfp_cloudfront.py::TestModuleIntegrationCloudfront::test_module_produces_events SKIPPED [ 20%]
test/integration/modules/test_sfp_coinblocker.py::TestModuleIntegrationCoinblocker::test_handleEvent SKIPPED [ 21%]
test/integration/modules/test_sfp_commoncrawl.py::TestModuleIntegrationcommoncrawl::test_handleEvent SKIPPED [ 21%]
test/integration/modules/test_sfp_comodo.py::TestModuleIntegrationcomodo::test_handleEvent_event_data_safe_internet_name_not_blocked_should_not_return_event PASSED [ 21%]
test/integration/modules/test_sfp_criminalip.py::TestModuleIntegrationCriminalip::test_handleEvent_api_error PASSED [ 22%]
test/integration/modules/test_sfp_criminalip.py::TestModuleIntegrationCriminalip::test_handleEvent_domain PASSED [ 22%]
test/integration/modules/test_sfp_criminalip.py::TestModuleIntegrationCriminalip::test_handleEvent_ip PASSED [ 22%]
test/integration/modules/test_sfp_criminalip.py::TestModuleIntegrationCriminalip::test_handleEvent_phone PASSED [ 23%]
test/integration/modules/test_sfp_criminalip.py::TestModuleIntegrationCriminalip::test_handleEvent_rate_limit PASSED [ 23%]
test/integration/modules/test_sfp_criminalip.py::TestModuleIntegrationCriminalip::test_queryCriminalIP PASSED [ 24%]
test/integration/modules/test_sfp_crobat_api.py::TestModuleIntegrationCrobat_api::test_handleEvent SKIPPED [ 24%]
test/integration/modules/test_sfp_crossref.py::TestModuleIntegrationCrossref::test_handleEvent SKIPPED [ 24%]
test/integration/modules/test_sfp_crt.py::TestModuleIntegrationCrt::test_handleEvent SKIPPED [ 25%]
test/integration/modules/test_sfp_crxcavator.py::TestModuleIntegrationCrxcavator::test_handleEvent SKIPPED [ 25%]
test/integration/modules/test_sfp_customfeed.py::TestModuleIntegrationCustomfeed::test_handleEvent SKIPPED [ 25%]
test/integration/modules/test_sfp_cybercrimetracker.py::TestModuleIntegrationCybercrimetracker::test_handleEvent SKIPPED [ 26%]
test/integration/modules/test_sfp_debounce.py::TestModuleIntegrationDebounce::test_handleEvent SKIPPED [ 26%]
test/integration/modules/test_sfp_dehashed.py::TestModuleIntegrationDehashed::test_handleEvent SKIPPED [ 26%]
test/integration/modules/test_sfp_digitaloceanspace.py::TestModuleIntegrationDigitaloceanspace::test_handleEvent SKIPPED [ 27%]
test/integration/modules/test_sfp_dns_for_family.py::TestModuleIntegrationDnsForFamily::test_handleEvent_event_data_adult_internet_name_blocked_should_return_event PASSED [ 27%]
test/integration/modules/test_sfp_dns_for_family.py::TestModuleIntegrationDnsForFamily::test_handleEvent_event_data_safe_internet_name_not_blocked_should_not_return_event PASSED [ 28%]
test/integration/modules/test_sfp_dnsbrute.py::TestModuleIntegrationDnsBrute::test_handleEvent SKIPPED [ 28%]
test/integration/modules/test_sfp_dnscommonsrv.py::TestModuleIntegrationDnsCommonsrv::test_handleEvent SKIPPED [ 28%]
test/integration/modules/test_sfp_dnsdb.py::TestModuleIntegrationdnsdb::test_handleEvent SKIPPED [ 29%]
test/integration/modules/test_sfp_dnsdumpster.py::TestModuleIntegrationDnsDumpster::test_handleEvent SKIPPED [ 29%]
test/integration/modules/test_sfp_dnsgrep.py::TestModuleIntegrationDnsgrep::test_handleEvent SKIPPED [ 29%]
test/integration/modules/test_sfp_dnsneighbor.py::TestModuleIntegrationDnsneighbor::test_handleEvent SKIPPED [ 30%]
test/integration/modules/test_sfp_dnsraw.py::TestModuleIntegrationdnsraw::test_handleEvent SKIPPED [ 30%]
test/integration/modules/test_sfp_dnsresolve.py::TestModuleIntegrationDnsResolve::test_enrichTarget_should_return_SpiderFootTarget 
-------------------------------- live log call --------------------------------
16:43:40 [INFO] Identifying aliases for specified target(s)
16:43:40 [INFO] Target aliases identified: [{'type': 'INTERNET_NAME', 'value': 'desktop-t59mho1'}, {'type': 'IP_ADDRESS', 'value': '127.0.0.1'}]
PASSED                                                                   [ 30%]
test/integration/modules/test_sfp_dnsresolve.py::TestModuleIntegrationDnsResolve::test_handleEvent_event_data_affiliate_ip_address_should_return_affiliate_internet_name_event PASSED [ 31%]
test/integration/modules/test_sfp_dnsresolve.py::TestModuleIntegrationDnsResolve::test_handleEvent_event_data_ip_address_should_return_internet_name_event PASSED [ 31%]
test/integration/modules/test_sfp_dnsresolve.py::TestModuleIntegrationDnsResolve::test_handleEvent_event_data_ipv6_address_should_return_internet_name_event PASSED [ 32%]
test/integration/modules/test_sfp_dnsresolve.py::TestModuleIntegrationDnsResolve::test_handleEvent_event_data_raw_rir_data_containing_subdomain_should_return_internet_name_event PASSED [ 32%]
test/integration/modules/test_sfp_dnsresolve.py::TestModuleIntegrationDnsResolve::test_resolveTargets_should_return_list PASSED [ 32%]
test/integration/modules/test_sfp_dnszonexfer.py::TestModuleIntegrationDnsZoneXfer::test_handleEvent SKIPPED [ 33%]
test/integration/modules/test_sfp_dronebl.py::TestModuleIntegrationDronebl::test_handleEvent_event_data_safe_ip_address_not_blocked_should_not_return_event PASSED [ 33%]
test/integration/modules/test_sfp_duckduckgo.py::TestModuleIntegrationDuckduckgo::test_handleEvent SKIPPED [ 33%]
test/integration/modules/test_sfp_email.py::TestModuleIntegrationEmail::test_handleEvent SKIPPED [ 34%]
test/integration/modules/test_sfp_emailcrawlr.py::TestModuleIntegrationemailcrawlr::test_handleEvent SKIPPED [ 34%]
test/integration/modules/test_sfp_emailformat.py::TestModuleIntegrationEmailFormat::test_handleEvent SKIPPED [ 34%]
test/integration/modules/test_sfp_emailrep.py::TestModuleIntegrationEmailrep::test_handleEvent SKIPPED [ 35%]
test/integration/modules/test_sfp_emergingthreats.py::TestModuleIntegrationEmergingthreats::test_handleEvent SKIPPED [ 35%]
test/integration/modules/test_sfp_etherscan.py::TestModuleIntegrationEtherscan::test_handleEvent SKIPPED [ 36%]
test/integration/modules/test_sfp_filemeta.py::TestModuleIntegrationFilemeta::test_handleEvent SKIPPED [ 36%]
test/integration/modules/test_sfp_flickr.py::TestModuleIntegrationFlickr::test_handleEvent SKIPPED [ 36%]
test/integration/modules/test_sfp_focsec.py::TestModuleIntegrationFocsec::test_handleEvent SKIPPED [ 37%]
test/integration/modules/test_sfp_fofa.py::TestModuleIntegrationFofa::test_handleEvent SKIPPED [ 37%]
test/integration/modules/test_sfp_fofa.py::TestModuleIntegrationFofa::test_producedEvents PASSED [ 37%]
test/integration/modules/test_sfp_fofa.py::TestModuleIntegrationFofa::test_query SKIPPED [ 38%]
test/integration/modules/test_sfp_fofa.py::TestModuleIntegrationFofa::test_setup PASSED [ 38%]
test/integration/modules/test_sfp_fofa.py::TestModuleIntegrationFofa::test_watchedEvents PASSED [ 38%]
test/integration/modules/test_sfp_fortinet.py::TestModuleIntegrationFortinet::test_handleEvent SKIPPED [ 39%]
test/integration/modules/test_sfp_fraudguard.py::TestModuleIntegrationFraudguard::test_handleEvent SKIPPED [ 39%]
test/integration/modules/test_sfp_fsecure_riddler.py::TestModuleIntegrationFsecureRiddler::test_handleEvent SKIPPED [ 40%]
test/integration/modules/test_sfp_fullcontact.py::TestModuleIntegrationFullContact::test_handleEvent 
-------------------------------- live log call --------------------------------
16:43:43 [ERROR] You enabled sfp_fullcontact but did not set an API key!
PASSED                                                                   [ 40%]
test/integration/modules/test_sfp_fullhunt.py::TestModuleIntegrationFullhunt::test_handleEvent SKIPPED [ 40%]
test/integration/modules/test_sfp_github.py::TestModuleIntegrationGithub::test_handleEvent SKIPPED [ 41%]
test/integration/modules/test_sfp_gleif.py::TestModuleIntegrationGleif::test_handleEvent SKIPPED [ 41%]
test/integration/modules/test_sfp_google_tag_manager.py::TestModuleIntegrationGoogleTagManager::test_handleEvent SKIPPED [ 41%]
test/integration/modules/test_sfp_googlemaps.py::TestModuleIntegrationGoogleMaps::test_handleEvent SKIPPED [ 42%]
test/integration/modules/test_sfp_googleobjectstorage.py::TestModuleIntegrationGoogleObjectStorage::test_handleEvent SKIPPED [ 42%]
test/integration/modules/test_sfp_googlesafebrowsing.py::TestModuleIntegrationGoogleSafebrowsing::test_handleEvent SKIPPED [ 42%]
test/integration/modules/test_sfp_googlesearch.py::TestModuleIntegrationGoogleSearch::test_handleEvent SKIPPED [ 43%]
test/integration/modules/test_sfp_gravatar.py::TestModuleIntegrationGravatar::test_handleEvent SKIPPED [ 43%]
test/integration/modules/test_sfp_grayhatwarfare.py::TestModuleIntegrationGrayhatWarfare::test_handleEvent SKIPPED [ 44%]
test/integration/modules/test_sfp_greensnow.py::TestModuleIntegrationgreensnow::test_handleEvent SKIPPED [ 44%]
test/integration/modules/test_sfp_grep_app.py::TestModuleIntegrationGrepApp::test_handleEvent SKIPPED [ 44%]
test/integration/modules/test_sfp_greynoise.py::TestModuleIntegrationGreynoise::test_handleEvent SKIPPED [ 45%]
test/integration/modules/test_sfp_h1nobbdde.py::TestModuleIntegrationH1nobbdde::test_handleEvent SKIPPED [ 45%]
test/integration/modules/test_sfp_hackertarget.py::TestModuleIntegrationHackertarget::test_handleEvent SKIPPED [ 45%]
test/integration/modules/test_sfp_haveibeenpwned.py::TestModuleIntegrationHaveibeenpwned::test_handleEvent SKIPPED [ 46%]
test/integration/modules/test_sfp_honeypot.py::TestModuleIntegrationHoneypot::test_handleEvent SKIPPED [ 46%]
test/integration/modules/test_sfp_hosting.py::TestModuleIntegrationHosting::test_handleEvent_event_data_ip_address_hosted_should_return_event SKIPPED [ 46%]
test/integration/modules/test_sfp_hosting.py::TestModuleIntegrationHosting::test_handleEvent_event_data_ip_address_not_hosted_should_not_return_event SKIPPED [ 47%]
test/integration/modules/test_sfp_hostio.py::TestModuleIntegrationHostio::test_handleEvent SKIPPED [ 47%]
test/integration/modules/test_sfp_hunter.py::TestModuleIntegrationHunter::test_handleEvent SKIPPED [ 48%]
test/integration/modules/test_sfp_hybrid_analysis.py::TestModuleIntegrationHybridAnalysis::test_handleEvent SKIPPED [ 48%]
test/integration/modules/test_sfp_iknowwhatyoudownload.py::TestModuleIntegrationIknowwhatyoudownload::test_handleEvent SKIPPED [ 48%]
test/integration/modules/test_sfp_intelx.py::TestModuleIntegrationIntelx::test_handleEvent SKIPPED [ 49%]
test/integration/modules/test_sfp_ipapico.py::TestModuleIntegrationIpapico::test_handleEvent SKIPPED [ 49%]
test/integration/modules/test_sfp_ipapicom.py::TestModuleIntegrationIpapicom::test_handleEvent SKIPPED [ 49%]
test/integration/modules/test_sfp_ipinfo.py::TestModuleIntegrationIpinfo::test_handleEvent SKIPPED [ 50%]
test/integration/modules/test_sfp_ipqualityscore.py::TestModuleIntegrationIpqualityscore::test_handleEvent SKIPPED [ 50%]
test/integration/modules/test_sfp_ipregistry.py::TestModuleIntegrationIpregistry::test_handleEvent SKIPPED [ 50%]
test/integration/modules/test_sfp_ipstack.py::TestModuleIntegrationIpstack::test_handleEvent SKIPPED [ 51%]
test/integration/modules/test_sfp_isc.py::TestModuleIntegrationIsc::test_handleEvent SKIPPED [ 51%]
test/integration/modules/test_sfp_jsonwhoiscom.py::TestModuleIntegrationJsonwhoiscom::test_handleEvent SKIPPED [ 52%]
test/integration/modules/test_sfp_junkfiles.py::TestModuleIntegrationJunkfiles::test_handleEvent SKIPPED [ 52%]
test/integration/modules/test_sfp_keybase.py::TestModuleIntegrationKeybase::test_handleEvent SKIPPED [ 52%]
test/integration/modules/test_sfp_koodous.py::TestModuleIntegrationKoodous::test_handleEvent SKIPPED [ 53%]
test/integration/modules/test_sfp_leakcheck.py::TestModuleIntegrationLeakcheck::test_module_produces_events SKIPPED [ 53%]
test/integration/modules/test_sfp_leakix.py::TestModuleIntegrationleakix::test_handleEvent SKIPPED [ 53%]
test/integration/modules/test_sfp_luminar.py::TestModuleLuminar::test_handleEvent PASSED [ 54%]
test/integration/modules/test_sfp_luminar.py::TestModuleLuminar::test_producedEvents PASSED [ 54%]
test/integration/modules/test_sfp_luminar.py::TestModuleLuminar::test_query PASSED [ 54%]
test/integration/modules/test_sfp_luminar.py::TestModuleLuminar::test_watchedEvents PASSED [ 55%]
test/integration/modules/test_sfp_maltiverse.py::TestModuleIntegrationMaltiverse::test_handleEvent SKIPPED [ 55%]
test/integration/modules/test_sfp_malwarepatrol.py::TestModuleIntegrationMalwarepatrol::test_handleEvent SKIPPED [ 56%]
test/integration/modules/test_sfp_mandiant_ti.py::TestModuleMandiantTI::test_handleEvent PASSED [ 56%]
test/integration/modules/test_sfp_mandiant_ti.py::TestModuleMandiantTI::test_producedEvents PASSED [ 56%]
test/integration/modules/test_sfp_mandiant_ti.py::TestModuleMandiantTI::test_query PASSED [ 57%]
test/integration/modules/test_sfp_mandiant_ti.py::TestModuleMandiantTI::test_watchedEvents PASSED [ 57%]
test/integration/modules/test_sfp_metadefender.py::TestModuleIntegrationMetadefender::test_handleEvent SKIPPED [ 57%]
test/integration/modules/test_sfp_mnemonic.py::TestModuleIntegrationMnemonic::test_handleEvent SKIPPED [ 58%]
test/integration/modules/test_sfp_multiproxy.py::TestModuleIntegrationMultiproxy::test_handleEvent SKIPPED [ 58%]
test/integration/modules/test_sfp_myspace.py::TestModuleIntegrationMyspace::test_handleEvent SKIPPED [ 58%]
test/integration/modules/test_sfp_nameapi.py::TestModuleIntegrationNameapi::test_handleEvent SKIPPED [ 59%]
test/integration/modules/test_sfp_netlas.py::TestModuleIntegrationNetlas::test_handleEvent PASSED [ 59%]
test/integration/modules/test_sfp_netlas.py::TestModuleIntegrationNetlas::test_setup PASSED [ 60%]
test/integration/modules/test_sfp_netlas.py::TestModuleIntegrationNetlas::test_watchedEvents PASSED [ 60%]
test/integration/modules/test_sfp_networksdb.py::TestModuleIntegrationNetworksdb::test_handleEvent SKIPPED [ 60%]
test/integration/modules/test_sfp_neutrinoapi.py::TestModuleIntegrationNeutrinoapi::test_handleEvent SKIPPED [ 61%]
test/integration/modules/test_sfp_numverify.py::TestModuleIntegrationNumverify::test_handleEvent SKIPPED [ 61%]
test/integration/modules/test_sfp_onioncity.py::TestModuleIntegrationOnioncity::test_handleEvent SKIPPED [ 61%]
test/integration/modules/test_sfp_onionsearchengine.py::TestModuleIntegrationOnionsearchengine::test_handleEvent SKIPPED [ 62%]
test/integration/modules/test_sfp_onyphe.py::TestModuleIntegrationOnyphe::test_handleEvent SKIPPED [ 62%]
test/integration/modules/test_sfp_openbugbounty.py::TestModuleIntegrationOpenbugbounty::test_handleEvent SKIPPED [ 62%]
test/integration/modules/test_sfp_opencorporates.py::TestModuleIntegrationOpencorporates::test_handleEvent SKIPPED [ 63%]
test/integration/modules/test_sfp_opendns.py::TestModuleIntegrationOpendns::test_handleEvent_event_data_adult_internet_name_blocked_should_return_event PASSED [ 63%]
test/integration/modules/test_sfp_opendns.py::TestModuleIntegrationOpendns::test_handleEvent_event_data_safe_internet_name_not_blocked_should_not_return_event PASSED [ 64%]
test/integration/modules/test_sfp_opennic.py::TestModuleIntegrationOpenNic::test_handleEvent_event_data_internet_name_with_opennic_tld_should_return_ip_address_event PASSED [ 64%]
test/integration/modules/test_sfp_openphish.py::TestModuleIntegrationOpenphish::test_handleEvent SKIPPED [ 64%]
test/integration/modules/test_sfp_openstreetmap.py::TestModuleIntegrationOpenstreetmap::test_handleEvent SKIPPED [ 65%]
test/integration/modules/test_sfp_pageinfo.py::TestModuleIntegrationPageInfo::test_handleEvent SKIPPED [ 65%]
test/integration/modules/test_sfp_pastebin.py::TestModuleIntegrationPastebin::test_handleEvent SKIPPED [ 65%]
test/integration/modules/test_sfp_pgp.py::TestModuleIntegrationPgp::test_handleEvent SKIPPED [ 66%]
test/integration/modules/test_sfp_phishstats.py::TestModuleIntegrationPhishstats::test_handleEvent SKIPPED [ 66%]
test/integration/modules/test_sfp_phishtank.py::TestModuleIntegrationPhishtank::test_handleEvent SKIPPED [ 66%]
test/integration/modules/test_sfp_portscan_tcp.py::TestModuleIntegrationPortscanTcp::test_handleEvent SKIPPED [ 67%]
test/integration/modules/test_sfp_projectdiscovery.py::TestModuleIntegrationProjectdiscovery::test_handleEvent SKIPPED [ 67%]
test/integration/modules/test_sfp_psbdmp.py::TestModuleIntegrationPsbdmp::test_handleEvent SKIPPED [ 68%]
test/integration/modules/test_sfp_pulsedive.py::TestModuleIntegrationPulsedive::test_handleEvent SKIPPED [ 68%]
test/integration/modules/test_sfp_punkspider.py::TestModuleIntegrationPunkspider::test_handleEvent SKIPPED [ 68%]
test/integration/modules/test_sfp_quad9.py::TestModuleIntegrationQuad9::test_handleEvent_event_data_safe_internet_name_not_blocked_should_not_return_event PASSED [ 69%]
test/integration/modules/test_sfp_recordedfuture.py::TestModuleRecordedFuture::test_handleEvent PASSED [ 69%]
test/integration/modules/test_sfp_recordedfuture.py::TestModuleRecordedFuture::test_producedEvents PASSED [ 69%]
test/integration/modules/test_sfp_recordedfuture.py::TestModuleRecordedFuture::test_query PASSED [ 70%]
test/integration/modules/test_sfp_recordedfuture.py::TestModuleRecordedFuture::test_watchedEvents PASSED [ 70%]
test/integration/modules/test_sfp_reversewhois.py::TestModuleIntegrationReversewhois::test_handleEvent SKIPPED [ 70%]
test/integration/modules/test_sfp_ripe.py::TestModuleIntegrationRipe::test_handleEvent SKIPPED [ 71%]
test/integration/modules/test_sfp_riskiq.py::TestModuleIntegrationRiskiq::test_handleEvent SKIPPED [ 71%]
test/integration/modules/test_sfp_robtex.py::TestModuleIntegrationRobtex::test_handleEvent SKIPPED [ 72%]
test/integration/modules/test_sfp_rocketreach.py::TestSFPRrocketreach::test_events PASSED [ 72%]
test/integration/modules/test_sfp_rocketreach.py::TestSFPRrocketreach::test_handleEvent_api_key_invalid 
-------------------------------- live log call --------------------------------
16:43:54 [ERROR] RocketReach API request failed: 404 Client Error: Not Found for url: https://api.rocketreach.co/v2/person/search?query=example.com&type=domain&limit=10
16:43:54 [INFO] No RocketReach info found for example.com
PASSED                                                                   [ 72%]
test/integration/modules/test_sfp_rocketreach.py::TestSFPRrocketreach::test_handleEvent_domain_found 
-------------------------------- live log call --------------------------------
16:43:55 [ERROR] RocketReach API request failed: 404 Client Error: Not Found for url: https://api.rocketreach.co/v2/person/search?query=google.com&type=domain&limit=10
16:43:55 [INFO] No RocketReach info found for google.com
PASSED                                                                   [ 73%]
test/integration/modules/test_sfp_rocketreach.py::TestSFPRrocketreach::test_handleEvent_domain_not_found 
-------------------------------- live log call --------------------------------
16:43:58 [ERROR] RocketReach API request failed: 404 Client Error: Not Found for url: https://api.rocketreach.co/v2/person/search?query=thisdomaindoesnotexist.com&type=domain&limit=10
16:43:58 [INFO] No RocketReach info found for thisdomaindoesnotexist.com
PASSED                                                                   [ 73%]
test/integration/modules/test_sfp_rocketreach.py::TestSFPRrocketreach::test_handleEvent_no_api_key 
-------------------------------- live log call --------------------------------
16:43:59 [ERROR] RocketReach API request failed: 404 Client Error: Not Found for url: https://api.rocketreach.co/v2/person/search?query=example.com&type=domain&limit=10
16:43:59 [INFO] No RocketReach info found for example.com
PASSED                                                                   [ 73%]
test/integration/modules/test_sfp_rocketreach.py::TestSFPRrocketreach::test_query_api_key_invalid 
-------------------------------- live log call --------------------------------
16:44:01 [ERROR] RocketReach API request failed: 404 Client Error: Not Found for url: https://api.rocketreach.co/v2/person/search?query=example.com&type=domain&limit=10
PASSED                                                                   [ 74%]
test/integration/modules/test_sfp_rocketreach.py::TestSFPRrocketreach::test_query_domain_found PASSED [ 74%]
test/integration/modules/test_sfp_rocketreach.py::TestSFPRrocketreach::test_query_domain_not_found 
-------------------------------- live log call --------------------------------
16:44:02 [ERROR] RocketReach API request failed: 404 Client Error
PASSED                                                                   [ 74%]
test/integration/modules/test_sfp_rocketreach.py::TestSFPRrocketreach::test_query_email_found PASSED [ 75%]
test/integration/modules/test_sfp_rocketreach.py::TestSFPRrocketreach::test_query_email_not_found 
-------------------------------- live log call --------------------------------
16:44:03 [ERROR] RocketReach API request failed: 404 Client Error
PASSED                                                                   [ 75%]
test/integration/modules/test_sfp_s3bucket.py::TestModuleIntegrationS3bucket::test_handleEvent SKIPPED [ 76%]
test/integration/modules/test_sfp_searchcode.py::TestModuleIntegrationCodesearch::test_handleEvent SKIPPED [ 76%]
test/integration/modules/test_sfp_securitytrails.py::TestModuleIntegrationSecuritytrails::test_handleEvent SKIPPED [ 76%]
test/integration/modules/test_sfp_seon.py::TestModuleIntegrationseon::test_handleEvent SKIPPED [ 77%]
test/integration/modules/test_sfp_shodan.py::TestModuleIntegrationShodan::test_handleEvent SKIPPED [ 77%]
test/integration/modules/test_sfp_similar.py::TestModuleIntegrationSimilar::test_handleEvent SKIPPED [ 77%]
test/integration/modules/test_sfp_skymem.py::TestModuleIntegrationSkymem::test_handleEvent SKIPPED [ 78%]
test/integration/modules/test_sfp_slideshare.py::TestModuleIntegrationSlideshare::test_handleEvent SKIPPED [ 78%]
test/integration/modules/test_sfp_snov.py::TestModuleIntegrationSnov::test_handleEvent SKIPPED [ 78%]
test/integration/modules/test_sfp_sociallinks.py::TestModuleIntegrationsociallinks::test_handleEvent SKIPPED [ 79%]
test/integration/modules/test_sfp_socialprofiles.py::TestModuleIntegrationSocialprofiles::test_handleEvent SKIPPED [ 79%]
test/integration/modules/test_sfp_sorbs.py::TestModuleIntegrationSorbs::test_handleEvent_event_data_safe_ip_address_not_blocked_should_not_return_event PASSED [ 80%]
test/integration/modules/test_sfp_spamcop.py::TestModuleIntegrationSpamcop::test_handleEvent_event_data_safe_ip_address_not_blocked_should_not_return_event PASSED [ 80%]
test/integration/modules/test_sfp_spamhaus.py::TestModuleIntegrationSpamhaus::test_handleEvent_event_data_safe_ip_address_not_blocked_should_not_return_event PASSED [ 80%]
test/integration/modules/test_sfp_spider.py::TestModuleIntegrationSpider::test_handleEvent SKIPPED [ 81%]
test/integration/modules/test_sfp_spur.py::TestModuleIntegrationSpur::test_handleEvent SKIPPED [ 81%]
test/integration/modules/test_sfp_spyonweb.py::TestModuleIntegrationSpyonweb::test_handleEvent SKIPPED [ 81%]
test/integration/modules/test_sfp_sslcert.py::TestModuleIntegrationSslCert::test_handleEvent SKIPPED [ 82%]
test/integration/modules/test_sfp_stackoverflow.py::TestModuleIntegrationStackoverflow::test_handleEvent SKIPPED [ 82%]
test/integration/modules/test_sfp_stevenblack_hosts.py::TestModuleIntegrationStevenblackHosts::test_handleEvent_event_data_affiliate_internet_name_matching_ad_server_should_return_event PASSED [ 82%]
test/integration/modules/test_sfp_stevenblack_hosts.py::TestModuleIntegrationStevenblackHosts::test_handleEvent_event_data_affiliate_internet_name_not_matching_ad_server_should_not_return_event PASSED [ 83%]
test/integration/modules/test_sfp_subdomain_takeover.py::TestModuleIntegrationSubdomainTakeover::test_handleEvent SKIPPED [ 83%]
test/integration/modules/test_sfp_sublist3r.py::TestModuleIntegrationSublist3r::test_handleEvent SKIPPED [ 84%]
test/integration/modules/test_sfp_surbl.py::TestModuleIntegrationSurbl::test_handleEvent_event_data_safe_ip_address_not_blocked_should_not_return_event PASSED [ 84%]
test/integration/modules/test_sfp_talosintel.py::TestModuleIntegrationTalosintel::test_handleEvent SKIPPED [ 84%]
test/integration/modules/test_sfp_textmagic.py::TestModuleIntegrationTextmagic::test_handleEvent SKIPPED [ 85%]
test/integration/modules/test_sfp_threatcrowd.py::TestModuleIntegrationThreatcrowd::test_handleEvent SKIPPED [ 85%]
test/integration/modules/test_sfp_threatfox.py::TestModuleIntegrationThreatFox::test_handleEvent SKIPPED [ 85%]
test/integration/modules/test_sfp_threatminer.py::TestModuleIntegrationThreatminer::test_handleEvent SKIPPED [ 86%]
test/integration/modules/test_sfp_tldsearch.py::TestModuleIntegrationTldsearch::test_handleEvent SKIPPED [ 86%]
test/integration/modules/test_sfp_tool_gobuster.py::TestModuleIntegrationToolGobuster::test_module_produces_events SKIPPED [ 86%]
test/integration/modules/test_sfp_torch.py::TestModuleIntegrationTorch::test_handleEvent SKIPPED [ 87%]
test/integration/modules/test_sfp_torexits.py::TestModuleIntegrationTorExits::test_handleEvent SKIPPED [ 87%]
test/integration/modules/test_sfp_trashpanda.py::TestModuleIntegrationTrashpanda::test_handleEvent SKIPPED [ 88%]
test/integration/modules/test_sfp_trumail.py::TestModuleIntegrationTrumail::test_handleEvent SKIPPED [ 88%]
test/integration/modules/test_sfp_twilio.py::TestModuleIntegrationTwilio::test_handleEvent SKIPPED [ 88%]
test/integration/modules/test_sfp_twitter.py::TestModuleIntegrationTwitter::test_handleEvent SKIPPED [ 89%]
test/integration/modules/test_sfp_uceprotect.py::TestModuleIntegrationUceprotect::test_handleEvent_event_data_safe_ip_address_not_blocked_should_not_return_event PASSED [ 89%]
test/integration/modules/test_sfp_urlscan.py::TestModuleIntegrationUrlscan::test_handleEvent SKIPPED [ 89%]
test/integration/modules/test_sfp_venmo.py::TestModuleIntegrationVenmo::test_handleEvent SKIPPED [ 90%]
test/integration/modules/test_sfp_viewdns.py::TestModuleIntegrationViewdns::test_handleEvent SKIPPED [ 90%]
test/integration/modules/test_sfp_virustotal.py::TestModuleIntegrationVirustotal::test_handleEvent SKIPPED [ 90%]
test/integration/modules/test_sfp_voipbl.py::TestModuleIntegrationVoipbl::test_handleEvent SKIPPED [ 91%]
test/integration/modules/test_sfp_vxvault.py::TestModuleIntegrationVxvault::test_handleEvent SKIPPED [ 91%]
test/integration/modules/test_sfp_webserver.py::TestModuleIntegrationWebserver::test_handleEvent SKIPPED [ 92%]
test/integration/modules/test_sfp_whatcms.py::TestModuleIntegrationWhatCMS::test_handleEvent SKIPPED [ 92%]
test/integration/modules/test_sfp_whois.py::TestModuleIntegrationwhois::test_handleEvent SKIPPED [ 92%]
test/integration/modules/test_sfp_whoisfreaks.py::TestModuleIntegrationWhoisfreaks::test_handleEvent PASSED [ 93%]
test/integration/modules/test_sfp_whoisfreaks.py::TestModuleIntegrationWhoisfreaks::test_producedEvents PASSED [ 93%]
test/integration/modules/test_sfp_whoisfreaks.py::TestModuleIntegrationWhoisfreaks::test_query PASSED [ 93%]
test/integration/modules/test_sfp_whoisfreaks.py::TestModuleIntegrationWhoisfreaks::test_setup PASSED [ 94%]
test/integration/modules/test_sfp_whoisfreaks.py::TestModuleIntegrationWhoisfreaks::test_watchedEvents PASSED [ 94%]
test/integration/modules/test_sfp_whoisology.py::TestModuleIntegrationWhoisology::test_handleEvent SKIPPED [ 94%]
test/integration/modules/test_sfp_whoxy.py::TestModuleIntegrationWhoxy::test_handleEvent SKIPPED [ 95%]
test/integration/modules/test_sfp_wigle.py::TestModuleIntegrationWigle::test_handleEvent SKIPPED [ 95%]
test/integration/modules/test_sfp_wikileaks.py::TestModuleIntegrationWikileaks::test_handleEvent SKIPPED [ 96%]
test/integration/modules/test_sfp_wikipediaedits.py::TestModuleIntegrationWikipediaedits::test_handleEvent SKIPPED [ 96%]
test/integration/modules/test_sfp_xforce.py::TestModuleIntegrationXforce::test_handleEvent SKIPPED [ 96%]
test/integration/modules/test_sfp_yandexdns.py::TestModuleIntegrationYandexDns::test_handleEvent_event_data_adult_internet_name_blocked_should_return_event PASSED [ 97%]
test/integration/modules/test_sfp_yandexdns.py::TestModuleIntegrationYandexDns::test_handleEvent_event_data_safe_internet_name_not_blocked_should_not_return_event PASSED [ 97%]
test/integration/modules/test_sfp_zetalytics.py::TestModuleIntegrationZetalytics::test_handleEvent SKIPPED [ 97%]
test/integration/modules/test_sfp_zoneh.py::TestModuleIntegrationZoneh::test_handleEvent SKIPPED [ 98%]
test/integration/modules/test_sfp_zoomeye.py::TestModuleIntegrationZoomEye::test_handleEvent PASSED [ 98%]
test/integration/modules/test_sfp_zoomeye.py::TestModuleIntegrationZoomEye::test_producedEvents PASSED [ 98%]
test/integration/modules/test_sfp_zoomeye.py::TestModuleIntegrationZoomEye::test_query PASSED [ 99%]
test/integration/modules/test_sfp_zoomeye.py::TestModuleIntegrationZoomEye::test_setup PASSED [ 99%]
test/integration/modules/test_sfp_zoomeye.py::TestModuleIntegrationZoomEye::test_watchedEvents PASSED [100%]
------------------------------ live log teardown ------------------------------
16:44:11 [INFO] Session cleanup completed


====================== 103 passed, 172 skipped in 52.09s ======================
